<?xml version="1.0" encoding="UTF-8"?>
<!-- Generated by org.testng.reporters.JUnitReportReporter -->
<testsuite hostname="IN-926HX14" failures="0" tests="8" name="com.nagarro.cucumber_assignment.testRunner.RunCucumberTest" time="129.117" errors="0" timestamp="2024-11-18T18:22:28 IST" skipped="0">
  <testcase classname="com.nagarro.cucumber_assignment.testRunner.RunCucumberTest" name="runScenario" time="12.229"/>
  <testcase classname="com.nagarro.cucumber_assignment.testRunner.RunCucumberTest" name="runScenario" time="18.510"/>
  <testcase classname="com.nagarro.cucumber_assignment.testRunner.RunCucumberTest" name="runScenario" time="12.752"/>
  <testcase classname="com.nagarro.cucumber_assignment.testRunner.RunCucumberTest" name="runScenario" time="19.148"/>
  <testcase classname="com.nagarro.cucumber_assignment.testRunner.RunCucumberTest" name="runScenario" time="19.971"/>
  <testcase classname="com.nagarro.cucumber_assignment.testRunner.RunCucumberTest" name="runScenario" time="10.413"/>
  <testcase classname="com.nagarro.cucumber_assignment.testRunner.RunCucumberTest" name="runScenario" time="14.166"/>
  <testcase classname="com.nagarro.cucumber_assignment.testRunner.RunCucumberTest" name="runScenario" time="21.928"/>
</testsuite> <!-- com.nagarro.cucumber_assignment.testRunner.RunCucumberTest -->
