<?xml version="1.0" encoding="UTF-8"?>
<!-- Generated by org.testng.reporters.JUnitReportReporter -->
<testsuite hostname="IN-926HX14" failures="0" tests="8" name="com.nagarro.cucumber_assignment.testRunner.RunCucumberTest" time="145.728" errors="0" timestamp="2024-11-18T17:33:55 IST" skipped="0">
  <testcase classname="com.nagarro.cucumber_assignment.testRunner.RunCucumberTest" name="runScenario" time="25.070"/>
  <testcase classname="com.nagarro.cucumber_assignment.testRunner.RunCucumberTest" name="runScenario" time="22.603"/>
  <testcase classname="com.nagarro.cucumber_assignment.testRunner.RunCucumberTest" name="runScenario" time="17.284"/>
  <testcase classname="com.nagarro.cucumber_assignment.testRunner.RunCucumberTest" name="runScenario" time="19.490"/>
  <testcase classname="com.nagarro.cucumber_assignment.testRunner.RunCucumberTest" name="runScenario" time="16.388"/>
  <testcase classname="com.nagarro.cucumber_assignment.testRunner.RunCucumberTest" name="runScenario" time="15.426"/>
  <testcase classname="com.nagarro.cucumber_assignment.testRunner.RunCucumberTest" name="runScenario" time="15.220"/>
  <testcase classname="com.nagarro.cucumber_assignment.testRunner.RunCucumberTest" name="runScenario" time="14.247"/>
</testsuite> <!-- com.nagarro.cucumber_assignment.testRunner.RunCucumberTest -->
